TN:
SF:script/DeployEscrow.s.sol
DA:26,9
FN:26,DeployEscrow.run
FNDA:9,DeployEscrow.run
DA:27,9
DA:29,9
DA:30,9
DA:31,8
DA:32,8
DA:34,8
BRDA:34,0,0,5
DA:35,5
BRDA:35,1,0,1
DA:36,1
DA:39,4
BRDA:39,2,0,0
DA:40,0
DA:42,4
BRDA:42,3,0,1
DA:43,1
DA:45,3
BRDA:45,4,0,0
DA:46,0
DA:62,3
BRDA:62,5,0,1
DA:63,1
DA:67,5
DA:68,5
DA:69,5
DA:70,5
DA:71,5
DA:73,5
DA:74,5
DA:75,5
DA:77,5
DA:81,5
BRDA:81,6,0,0
BRDA:81,6,1,5
DA:82,5
BRDA:82,7,0,0
BRDA:82,7,1,5
DA:83,5
BRDA:83,8,0,0
BRDA:83,8,1,5
DA:84,5
BRDA:84,9,0,0
BRDA:84,9,1,5
DA:87,26
FN:87,DeployEscrow._requireAddress
FNDA:26,DeployEscrow._requireAddress
DA:88,26
DA:89,26
BRDA:89,10,0,1
DA:96,0
FN:96,DeployEscrow._configuredFeeBps
FNDA:0,DeployEscrow._configuredFeeBps
DA:97,0
DA:108,0
FN:108,DeployEscrow._configuredAddress
FNDA:0,DeployEscrow._configuredAddress
DA:109,0
DA:116,0
FN:116,DeployEscrow._mainnetDeploymentAllowed
FNDA:0,DeployEscrow._mainnetDeploymentAllowed
DA:117,0
FNF:5
FNH:2
LF:39
LH:31
BRF:15
BRH:9
end_of_record
TN:
SF:script/DeploySubscriptions.s.sol
DA:25,7
FN:25,DeploySubscriptions.run
FNDA:7,DeploySubscriptions.run
DA:26,7
DA:28,7
DA:29,7
DA:31,6
BRDA:31,0,0,5
DA:32,5
BRDA:32,1,0,1
DA:33,1
DA:37,4
BRDA:37,2,0,1
DA:38,1
DA:46,3
BRDA:46,3,0,1
DA:47,1
DA:51,3
DA:52,3
DA:53,3
DA:55,3
DA:56,3
DA:57,3
DA:59,3
DA:62,3
BRDA:62,4,0,0
BRDA:62,4,1,3
DA:63,3
BRDA:63,5,0,0
BRDA:63,5,1,3
DA:66,3
BRDA:66,6,0,0
BRDA:66,6,1,3
DA:72,14
FN:72,DeploySubscriptions._requireAddress
FNDA:14,DeploySubscriptions._requireAddress
DA:73,14
DA:74,14
BRDA:74,7,0,1
DA:85,0
FN:85,DeploySubscriptions._configuredAddress
FNDA:0,DeploySubscriptions._configuredAddress
DA:86,0
DA:93,0
FN:93,DeploySubscriptions._mainnetDeploymentAllowed
FNDA:0,DeploySubscriptions._mainnetDeploymentAllowed
DA:94,0
FNF:4
FNH:2
LF:28
LH:24
BRF:11
BRH:8
end_of_record
TN:
SF:src/AgoreumEscrow.sol
DA:151,87
FN:151,AgoreumEscrow.constructor
FNDA:87,AgoreumEscrow.constructor
DA:152,87
BRDA:152,0,0,1
DA:153,1
DA:155,86
BRDA:155,1,0,1
DA:157,85
DA:158,85
DA:159,85
DA:161,85
DA:162,85
DA:164,85
DA:177,43513
FN:177,AgoreumEscrow.createEscrow
FNDA:43513,AgoreumEscrow.createEscrow
DA:185,43512
BRDA:185,2,0,1
DA:186,1
DA:188,43511
BRDA:188,3,0,0
DA:189,43511
BRDA:189,4,0,1
DA:190,43510
BRDA:190,5,0,1
DA:191,43509
BRDA:191,6,0,2
DA:192,43507
BRDA:192,7,0,0
DA:193,0
DA:199,43507
DA:200,43507
DA:201,43507
DA:202,43506
DA:203,43506
BRDA:203,8,0,1
DA:205,43505
DA:206,43505
DA:207,43505
DA:209,43505
DA:224,43505
DA:234,43858
FN:234,AgoreumEscrow.release
FNDA:43858,AgoreumEscrow.release
DA:235,43857
DA:236,43856
BRDA:236,9,0,26242
DA:237,26242
DA:243,17614
DA:244,17614
BRDA:244,10,0,4062
DA:245,4062
DA:248,13552
DA:249,13552
DA:250,13552
DA:254,13552
DA:255,13552
DA:256,13552
DA:258,13552
DA:260,13552
DA:261,13549
DA:263,13547
DA:271,41461
FN:271,AgoreumEscrow.refund
FNDA:41461,AgoreumEscrow.refund
DA:272,41459
DA:273,41459
BRDA:273,11,0,26105
DA:274,26105
DA:280,15354
DA:281,15354
DA:282,15354
DA:283,15354
BRDA:283,12,0,6529
DA:284,6529
BRDA:284,13,0,3189
DA:285,3189
DA:287,3340
DA:290,8825
DA:292,8825
DA:293,8825
DA:295,8825
DA:297,8825
DA:299,8825
DA:307,39997
FN:307,AgoreumEscrow.dispute
FNDA:39997,AgoreumEscrow.dispute
DA:308,39996
DA:309,39996
BRDA:309,14,0,25987
DA:310,25987
DA:312,14009
BRDA:312,15,0,3175
DA:313,3175
DA:316,10834
DA:317,10834
DA:325,35837
FN:325,AgoreumEscrow.settleDispute
FNDA:35837,AgoreumEscrow.settleDispute
DA:330,35836
DA:331,35836
BRDA:331,16,0,28974
DA:332,28974
DA:335,6862
DA:338,6862
BRDA:338,17,0,1354
DA:339,1354
DA:342,5508
DA:343,5508
DA:346,5508
DA:348,5508
DA:349,5508
DA:350,5508
DA:351,5508
DA:353,5508
DA:355,5508
BRDA:355,18,0,5292
DA:356,5508
BRDA:356,19,0,5380
DA:357,5508
BRDA:357,20,0,4501
DA:359,5508
DA:366,4010
FN:366,AgoreumEscrow.setFeeConfig
FNDA:4010,AgoreumEscrow.setFeeConfig
DA:370,4008
BRDA:370,21,0,2
DA:371,2
DA:373,4006
BRDA:373,22,0,0
DA:375,4006
DA:376,4006
DA:377,4006
DA:386,7
FN:386,AgoreumEscrow.pause
FNDA:7,AgoreumEscrow.pause
DA:387,5
DA:393,1
FN:393,AgoreumEscrow.unpause
FNDA:1,AgoreumEscrow.unpause
DA:394,1
DA:404,176059
FN:404,AgoreumEscrow.getEscrow
FNDA:176059,AgoreumEscrow.getEscrow
DA:405,176059
DA:412,4
FN:412,AgoreumEscrow.statusOf
FNDA:4,AgoreumEscrow.statusOf
DA:413,4
DA:417,4
FN:417,AgoreumEscrow.outstanding
FNDA:4,AgoreumEscrow.outstanding
DA:418,4
DA:419,4
DA:423,4
FN:423,AgoreumEscrow.autoReleaseAvailable
FNDA:4,AgoreumEscrow.autoReleaseAvailable
DA:424,4
DA:426,4
DA:430,4
FN:430,AgoreumEscrow.refundAvailable
FNDA:4,AgoreumEscrow.refundAvailable
DA:431,4
DA:433,4
DA:438,161148
FN:438,AgoreumEscrow._requireEscrow
FNDA:161148,AgoreumEscrow._requireEscrow
DA:439,161148
DA:440,161148
BRDA:440,23,0,1
DA:441,161147
DA:448,27885
FN:448,AgoreumEscrow._assertSolvent
FNDA:27885,AgoreumEscrow._assertSolvent
DA:449,27885
DA:452,51099
FN:452,AgoreumEscrow._payOut
FNDA:51099,AgoreumEscrow._payOut
DA:453,51099
BRDA:453,24,0,51099
DA:454,49304
FNF:17
FNH:17
LF:123
LH:122
BRF:25
BRH:22
end_of_record
TN:
SF:src/AgoreumSubscriptions.sol
DA:120,48
FN:120,AgoreumSubscriptions.constructor
FNDA:48,AgoreumSubscriptions.constructor
DA:121,48
BRDA:121,0,0,0
DA:122,48
DA:123,48
DA:124,48
DA:125,48
DA:138,70280
FN:138,AgoreumSubscriptions.subscribe
FNDA:70280,AgoreumSubscriptions.subscribe
DA:139,70278
DA:140,70277
BRDA:140,1,0,2
DA:141,70275
BRDA:141,2,0,2002
DA:146,68273
DA:147,68273
DA:148,68273
DA:149,68272
DA:150,68272
BRDA:150,3,0,2
DA:152,68270
DA:154,68270
DA:155,68270
DA:157,68270
DA:158,68270
DA:159,68270
DA:161,68270
DA:162,68270
DA:164,68270
DA:166,68270
DA:176,34454
FN:176,AgoreumSubscriptions.cancel
FNDA:34454,AgoreumSubscriptions.cancel
DA:177,34454
DA:178,34454
BRDA:178,4,0,19297
DA:179,3238
BRDA:179,5,0,3238
DA:180,11919
DA:181,11919
DA:188,14077
FN:188,AgoreumSubscriptions.createPlan
FNDA:14077,AgoreumSubscriptions.createPlan
DA:192,2
BRDA:192,6,0,2
DA:193,14073
BRDA:193,7,0,1
DA:194,14072
BRDA:194,8,0,2
DA:195,14070
BRDA:195,9,0,4
DA:197,14066
DA:199,14066
DA:206,32419
FN:206,AgoreumSubscriptions.updatePlan
FNDA:32419,AgoreumSubscriptions.updatePlan
DA:210,32418
DA:211,32418
BRDA:211,10,0,1
DA:212,32417
BRDA:212,11,0,1
DA:214,32416
DA:215,32416
DA:216,32416
DA:217,32416
DA:221,9
FN:221,AgoreumSubscriptions.setTreasury
FNDA:9,AgoreumSubscriptions.setTreasury
DA:222,6
BRDA:222,12,0,0
DA:223,6
DA:224,6
DA:230,5
FN:230,AgoreumSubscriptions.pause
FNDA:5,AgoreumSubscriptions.pause
DA:231,3
DA:237,0
FN:237,AgoreumSubscriptions.unpause
FNDA:0,AgoreumSubscriptions.unpause
DA:238,0
DA:247,66093
FN:247,AgoreumSubscriptions.getPlan
FNDA:66093,AgoreumSubscriptions.getPlan
DA:248,66093
DA:257,12010
FN:257,AgoreumSubscriptions.getSubscription
FNDA:12010,AgoreumSubscriptions.getSubscription
DA:262,12010
DA:266,4011
FN:266,AgoreumSubscriptions.isActive
FNDA:4011,AgoreumSubscriptions.isActive
DA:268,4011
DA:272,1
FN:272,AgoreumSubscriptions.timeRemaining
FNDA:1,AgoreumSubscriptions.timeRemaining
DA:273,1
DA:274,1
DA:275,1
DA:280,1
FN:280,AgoreumSubscriptions.contractHoldsNothing
FNDA:1,AgoreumSubscriptions.contractHoldsNothing
DA:281,1
DA:286,102696
FN:286,AgoreumSubscriptions._requirePlan
FNDA:102696,AgoreumSubscriptions._requirePlan
DA:287,102696
DA:288,102696
BRDA:288,13,0,1
DA:289,102695
FNF:14
FNH:13
LF:70
LH:68
BRF:14
BRH:12
end_of_record
TN:
SF:test/AgoreumEscrow.invariant.t.sol
DA:44,7
FN:44,EscrowHandler.constructor
FNDA:7,EscrowHandler.constructor
DA:45,7
DA:46,7
DA:47,7
DA:49,7
DA:50,35
DA:51,35
DA:52,35
DA:53,35
DA:54,35
DA:58,97823
FN:58,EscrowHandler._actor
FNDA:97823,EscrowHandler._actor
DA:59,97823
DA:62,153895
FN:62,EscrowHandler._existingId
FNDA:153895,EscrowHandler._existingId
DA:63,153895
BRDA:63,0,0,19312
DA:64,134583
DA:73,101258
FN:73,EscrowHandler._callerFor
FNDA:101258,EscrowHandler._callerFor
DA:74,101258
DA:75,101258
DA:76,101258
BRDA:76,1,0,34153
DA:77,67105
BRDA:77,2,0,23069
DA:78,44036
BRDA:78,3,0,22667
DA:79,21369
DA:82,38227
FN:82,EscrowHandler.createEscrow
FNDA:38227,EscrowHandler.createEscrow
DA:83,38227
DA:84,38227
DA:85,38227
BRDA:85,4,0,8771
DA:87,29456
DA:88,29456
DA:89,0
BRDA:89,5,0,-
DA:91,29456
DA:92,29456
BRDA:92,6,0,29456
DA:93,29456
DA:94,29456
DA:95,29456
DA:96,29456
DA:97,29456
DA:98,29456
DA:99,29456
DA:103,38542
FN:103,EscrowHandler.release
FNDA:38542,EscrowHandler.release
DA:104,38542
DA:105,38542
BRDA:105,7,0,4685
DA:107,33857
DA:108,33857
DA:109,33857
BRDA:109,8,0,33857
DA:110,7559
DA:111,7559
DA:115,38997
FN:115,EscrowHandler.refund
FNDA:38997,EscrowHandler.refund
DA:116,38997
DA:117,38997
BRDA:117,9,0,5078
DA:119,33919
DA:120,33919
DA:121,33919
BRDA:121,10,0,33919
DA:122,5289
DA:123,5289
DA:127,38087
FN:127,EscrowHandler.dispute
FNDA:38087,EscrowHandler.dispute
DA:128,38087
DA:129,38087
BRDA:129,11,0,4605
DA:131,33482
DA:132,33482
BRDA:132,12,0,33482
DA:133,8322
DA:137,38269
FN:137,EscrowHandler.settleDispute
FNDA:38269,EscrowHandler.settleDispute
DA:138,38269
DA:139,38269
BRDA:139,13,0,4944
DA:141,33325
DA:142,33325
DA:143,33325
DA:145,33325
DA:146,33325
DA:147,33325
BRDA:147,14,0,33325
DA:148,4353
DA:149,4353
DA:155,37702
FN:155,EscrowHandler.warp
FNDA:37702,EscrowHandler.warp
DA:156,37702
DA:159,0
FN:159,EscrowHandler.escrowCount
FNDA:0,EscrowHandler.escrowCount
DA:160,0
DA:163,118302
FN:163,EscrowHandler._contractBalance
FNDA:118302,EscrowHandler._contractBalance
DA:164,118302
FNF:12
FNH:11
LF:77
LH:74
BRF:15
BRH:14
end_of_record
TN:
SF:test/AgoreumEscrow.t.sol
DA:39,56
FN:39,EscrowTestBase.setUp
FNDA:56,EscrowTestBase.setUp
DA:40,56
DA:41,56
DA:43,56
DA:44,56
DA:45,56
DA:48,36
FN:48,EscrowTestBase._create.0
FNDA:36,EscrowTestBase._create.0
DA:49,36
DA:50,36
DA:55,34
FN:55,EscrowTestBase._create.1
FNDA:34,EscrowTestBase._create.1
DA:56,34
DA:60,17
FN:60,EscrowTestBase._assertAccountingHolds
FNDA:17,EscrowTestBase._assertAccountingHolds
DA:61,17
DA:62,17
FNF:4
FNH:4
LF:14
LH:14
BRF:0
BRH:0
end_of_record
TN:
SF:test/AgoreumSubscriptions.invariant.t.sol
DA:25,4
FN:25,SubscriptionsHandler.constructor
FNDA:4,SubscriptionsHandler.constructor
DA:26,4
DA:27,4
DA:28,4
DA:29,4
DA:32,4
DA:33,12
DA:34,12
DA:35,12
DA:36,12
DA:39,4
DA:40,20
DA:41,20
DA:42,20
DA:43,20
DA:44,20
DA:48,66132
FN:48,SubscriptionsHandler._actor
FNDA:66132,SubscriptionsHandler._actor
DA:49,66132
DA:52,98540
FN:52,SubscriptionsHandler._plan
FNDA:98540,SubscriptionsHandler._plan
DA:53,98540
DA:56,33684
FN:56,SubscriptionsHandler.subscribe
FNDA:33684,SubscriptionsHandler.subscribe
DA:57,33684
DA:58,33684
DA:59,33684
DA:60,33684
DA:61,33684
BRDA:61,0,0,33684
DA:62,33684
DA:66,32448
FN:66,SubscriptionsHandler.cancel
FNDA:32448,SubscriptionsHandler.cancel
DA:67,32448
DA:68,32448
BRDA:68,1,0,32448
DA:71,32408
FN:71,SubscriptionsHandler.reprice
FNDA:32408,SubscriptionsHandler.reprice
DA:72,32408
DA:73,32408
DA:74,32408
DA:75,32408
DA:76,32408
BRDA:76,2,0,32408
DA:79,32788
FN:79,SubscriptionsHandler.warp
FNDA:32788,SubscriptionsHandler.warp
DA:80,32788
DA:81,32788
DA:84,0
FN:84,SubscriptionsHandler.planCount
FNDA:0,SubscriptionsHandler.planCount
DA:85,0
DA:88,0
FN:88,SubscriptionsHandler.actorCount
FNDA:0,SubscriptionsHandler.actorCount
DA:89,0
FNF:9
FNH:7
LF:43
LH:39
BRF:3
BRH:3
end_of_record
TN:
SF:test/DeployEscrow.t.sol
DA:27,9
FN:27,DeployEscrowHarness.configure
FNDA:9,DeployEscrowHarness.configure
DA:28,9
DA:29,9
DA:30,9
DA:33,4
FN:33,DeployEscrowHarness.allowMainnet
FNDA:4,DeployEscrowHarness.allowMainnet
DA:34,4
DA:37,26
FN:37,DeployEscrowHarness._configuredAddress
FNDA:26,DeployEscrowHarness._configuredAddress
DA:38,26
DA:41,8
FN:41,DeployEscrowHarness._configuredFeeBps
FNDA:8,DeployEscrowHarness._configuredFeeBps
DA:42,8
DA:45,5
FN:45,DeployEscrowHarness._mainnetDeploymentAllowed
FNDA:5,DeployEscrowHarness._mainnetDeploymentAllowed
DA:46,5
FNF:5
FNH:5
LF:12
LH:12
BRF:0
BRH:0
end_of_record
TN:
SF:test/DeploySubscriptions.t.sol
DA:18,7
FN:18,DeploySubscriptionsHarness.configure
FNDA:7,DeploySubscriptionsHarness.configure
DA:19,7
DA:20,7
DA:23,4
FN:23,DeploySubscriptionsHarness.allowMainnet
FNDA:4,DeploySubscriptionsHarness.allowMainnet
DA:24,4
DA:27,14
FN:27,DeploySubscriptionsHarness._configuredAddress
FNDA:14,DeploySubscriptionsHarness._configuredAddress
DA:28,14
DA:31,5
FN:31,DeploySubscriptionsHarness._mainnetDeploymentAllowed
FNDA:5,DeploySubscriptionsHarness._mainnetDeploymentAllowed
DA:32,5
FNF:4
FNH:4
LF:9
LH:9
BRF:0
BRH:0
end_of_record
TN:
SF:test/mocks/Mocks.sol
DA:13,0
FN:13,MockUSDC.decimals.0
FNDA:0,MockUSDC.decimals.0
DA:14,0
DA:17,14183
FN:17,MockUSDC.mint.0
FNDA:14183,MockUSDC.mint.0
DA:18,14183
DA:28,2
FN:28,FeeOnTransferToken.constructor.0
FNDA:2,FeeOnTransferToken.constructor.0
DA:29,2
DA:32,2
FN:32,FeeOnTransferToken.mint.1
FNDA:2,FeeOnTransferToken.mint.1
DA:33,2
DA:36,4
FN:36,FeeOnTransferToken._update.0
FNDA:4,FeeOnTransferToken._update.0
DA:37,4
BRDA:37,0,0,2
DA:38,2
DA:39,2
DA:41,2
DA:42,2
DA:43,2
BRDA:43,1,0,2
DA:62,3
FN:62,ReentrantToken.mint.2
FNDA:3,ReentrantToken.mint.2
DA:63,3
DA:66,3
FN:66,ReentrantToken.arm
FNDA:3,ReentrantToken.arm
DA:67,3
DA:68,3
DA:69,3
DA:72,0
FN:72,ReentrantToken.disarm
FNDA:0,ReentrantToken.disarm
DA:73,0
DA:76,11
FN:76,ReentrantToken._update.1
FNDA:11,ReentrantToken._update.1
DA:77,11
DA:81,11
BRDA:81,2,0,3
DA:82,3
DA:83,3
DA:84,3
DA:85,3
DA:86,3
DA:98,1
FN:98,ReentrancyAttacker.constructor.1
FNDA:1,ReentrancyAttacker.constructor.1
DA:99,1
DA:102,1
FN:102,ReentrancyAttacker.setEscrowId
FNDA:1,ReentrancyAttacker.setEscrowId
DA:103,1
DA:107,0
FN:107,ReentrancyAttacker.attack
FNDA:0,ReentrancyAttacker.attack
DA:108,0
DA:109,0
BRDA:109,3,0,-
DA:110,0
DA:111,0
BRDA:111,3,1,-
DA:112,0
DA:127,1
FN:127,SilentlyFailingToken.mint.3
FNDA:1,SilentlyFailingToken.mint.3
DA:128,1
DA:131,1
FN:131,SilentlyFailingToken.setFailTransfers
FNDA:1,SilentlyFailingToken.setFailTransfers
DA:132,1
DA:135,1
FN:135,SilentlyFailingToken.transfer
FNDA:1,SilentlyFailingToken.transfer
DA:136,1
BRDA:136,4,0,1
DA:137,0
DA:140,1
FN:140,SilentlyFailingToken.transferFrom
FNDA:1,SilentlyFailingToken.transferFrom
DA:141,0
BRDA:141,5,0,-
DA:142,1
DA:161,0
FN:161,BlacklistingToken.decimals.1
FNDA:0,BlacklistingToken.decimals.1
DA:162,0
DA:165,4
FN:165,BlacklistingToken.mint.4
FNDA:4,BlacklistingToken.mint.4
DA:166,4
DA:169,4
FN:169,BlacklistingToken.setBlacklisted
FNDA:4,BlacklistingToken.setBlacklisted
DA:170,4
DA:173,18
FN:173,BlacklistingToken._update.2
FNDA:18,BlacklistingToken._update.2
DA:174,0
BRDA:174,6,0,-
DA:175,5
BRDA:175,7,0,5
DA:176,13
FNF:20
FNH:16
LF:61
LH:46
BRF:9
BRH:5
end_of_record
